2023-09-10 13:12:27,810 - __main__ - INFO - VERSION: 1.0.0
2023-09-10 13:12:29,172 - __main__ - INFO - We couldn't retrieve the coordinates for city Agri, so we obtained the data for the city agri with the closest coordinates.
2023-09-10 13:12:29,375 - __main__ - INFO - We couldn't retrieve the coordinates for city Aksaray, so we obtained the data for the city nevsehir with the closest coordinates.
2023-09-10 13:12:30,589 - __main__ - INFO - We couldn't retrieve the coordinates for city Aydin, so we obtained the data for the city aydin with the closest coordinates.
2023-09-10 13:12:30,792 - __main__ - INFO - We couldn't retrieve the coordinates for city Balikesir, so we obtained the data for the city balikesir with the closest coordinates.
2023-09-10 13:12:30,989 - __main__ - INFO - We couldn't retrieve the coordinates for city Bartin, so we obtained the data for the city kastamonu with the closest coordinates.
2023-09-10 13:12:31,467 - __main__ - INFO - We couldn't retrieve the coordinates for city Bayburt, so we obtained the data for the city erzurum with the closest coordinates.
2023-09-10 13:12:32,492 - __main__ - INFO - We couldn't retrieve the coordinates for city Burdur, so we obtained the data for the city burdur with the closest coordinates.
2023-09-10 13:12:33,085 - __main__ - INFO - We couldn't retrieve the coordinates for city Cankiri, so we obtained the data for the city kastamonu with the closest coordinates.
2023-09-10 13:12:33,706 - __main__ - INFO - We couldn't retrieve the coordinates for city Diyarbakir, so we obtained the data for the city diyarbakir with the closest coordinates.
2023-09-10 13:12:33,906 - __main__ - INFO - We couldn't retrieve the coordinates for city Duzce, so we obtained the data for the city bolu with the closest coordinates.
2023-09-10 13:12:34,369 - __main__ - INFO - We couldn't retrieve the coordinates for city Elazig, so we obtained the data for the city elazig with the closest coordinates.
2023-09-10 13:12:35,565 - __main__ - INFO - We couldn't retrieve the coordinates for city Gumushane, so we obtained the data for the city trabzon with the closest coordinates.
2023-09-10 13:12:35,998 - __main__ - INFO - We couldn't retrieve the coordinates for city Hatay, so we obtained the data for the city hatay with the closest coordinates.
2023-09-10 13:12:36,261 - __main__ - INFO - We couldn't retrieve the coordinates for city Igdir, so we obtained the data for the city agri with the closest coordinates.
2023-09-10 13:12:37,254 - __main__ - INFO - We couldn't retrieve the coordinates for city Karabuk, so we obtained the data for the city kastamonu with the closest coordinates.
2023-09-10 13:12:37,654 - __main__ - INFO - We couldn't retrieve the coordinates for city Kars, so we obtained the data for the city erzurum with the closest coordinates.
2023-09-10 13:12:38,297 - __main__ - INFO - We couldn't retrieve the coordinates for city Kirikkale, so we obtained the data for the city ankara with the closest coordinates.
2023-09-10 13:12:38,502 - __main__ - INFO - We couldn't retrieve the coordinates for city Kirklareli, so we obtained the data for the city kirklareli with the closest coordinates.
2023-09-10 13:12:38,704 - __main__ - INFO - We couldn't retrieve the coordinates for city Kirsehir, so we obtained the data for the city kirsehir with the closest coordinates.
2023-09-10 13:12:39,101 - __main__ - INFO - We couldn't retrieve the coordinates for city Kocaeli, so we obtained the data for the city kocaeli with the closest coordinates.
2023-09-10 13:12:40,715 - __main__ - INFO - We couldn't retrieve the coordinates for city Mus, so we obtained the data for the city malatya with the closest coordinates.
2023-09-10 13:12:41,609 - __main__ - INFO - We couldn't retrieve the coordinates for city Osmaniye, so we obtained the data for the city hatay with the closest coordinates.
2023-09-10 13:12:41,808 - __main__ - INFO - We couldn't retrieve the coordinates for city Rize, so we obtained the data for the city erzurum with the closest coordinates.
2023-09-10 13:12:41,998 - __main__ - INFO - We couldn't retrieve the coordinates for city Sakarya, so we obtained the data for the city sakarya with the closest coordinates.
2023-09-10 13:12:43,083 - __main__ - INFO - We couldn't retrieve the coordinates for city Sirnak, so we obtained the data for the city siirt with the closest coordinates.
2023-09-10 13:12:44,960 - __main__ - INFO - We couldn't retrieve the coordinates for city Zonguldak, so we obtained the data for the city bolu with the closest coordinates.
2023-09-10 13:12:45,359 - __main__ - INFO - Data successfully added on MongoDB
<-><-><-><-><-><-><-><-><-><->
